<?xml version="1.0" encoding="UTF-8"?>
<!-- Generated by org.testng.reporters.JUnitXMLReporter -->
<testsuite ignored="0" hostname="FlyingSamurai2" failures="0" tests="3" name="Test2" time="53.272" errors="0" timestamp="2024-08-05T17:03:46 IST">
  <testcase classname="com.comcast.crm.orgtest.CreateOrganisationTest" name="createNewOrg" time="8.54"/>
  <testcase classname="com.comcast.crm.orgtest.CreateOrganisationTest" name="createOrgWithIndustry" time="10.794"/>
  <testcase classname="com.comcast.crm.orgtest.CreateOrganisationTest" name="createOrgWithPhone" time="9.348"/>
</testsuite> <!-- Test2 -->
