<?xml version="1.0" encoding="UTF-8"?>
<!-- Generated by org.testng.reporters.JUnitXMLReporter -->
<testsuite ignored="2" hostname="FlyingSamurai2" failures="1" tests="1" name="Test" time="15.252" errors="0" timestamp="2024-08-08T15:12:12 IST">
  <testcase classname="com.comcast.crm.orgtest.CreateOrganisationTest" name="createNewOrg" time="7.285">
    <failure type="java.lang.AssertionError" message="null">
      <![CDATA[java.lang.AssertionError: null
at com.comcast.crm.orgtest.CreateOrganisationTest.createNewOrg(CreateOrganisationTest.java:59)
at java.base/java.util.ArrayList.forEach(ArrayList.java:1597)
... Removed 27 stack frames]]>
    </failure>
  </testcase> <!-- createNewOrg -->
  <testcase classname="com.comcast.crm.orgtest.CreateOrganisationTest" name="createOrgWithIndustry" time="0.0">
    <ignored/>
  </testcase> <!-- createOrgWithIndustry -->
  <testcase classname="com.comcast.crm.orgtest.CreateOrganisationTest" name="createOrgWithPhone" time="0.0">
    <ignored/>
  </testcase> <!-- createOrgWithPhone -->
</testsuite> <!-- Test -->
