<?xml version="1.0" encoding="UTF-8"?>
<!-- Generated by org.testng.reporters.JUnitXMLReporter -->
<testsuite ignored="2" hostname="FlyingSamurai2" failures="0" tests="6" name="TestRunner-edge" time="133.132" errors="0" timestamp="2024-08-05T10:53:08 IST">
  <testcase classname="com.comcast.crm.orgtest.CreateOrganisationTest" name="createNewOrg" time="7.769"/>
  <testcase classname="com.comcast.crm.orgtest.CreateOrganisationTest" name="createOrgWithIndustry" time="14.041"/>
  <testcase classname="com.comcast.crm.orgtest.CreateOrganisationTest" name="createOrgWithPhone" time="14.537"/>
  <testcase classname="com.comcast.crm.contactTestNGtest.CreateContactTest" name="createContactTest" time="9.645"/>
  <testcase classname="com.comcast.crm.contactTestNGtest.CreateContactTest" name="createContactwithOrgTest" time="20.441"/>
  <testcase classname="com.comcast.crm.contactTestNGtest.CreateContactTest" name="createContactwithSupportdateTest" time="8.568"/>
  <testcase classname="com.crm.comcast.baseUtility.BaseClass" name="@BeforeSuite configBeforeSuite" time="0.0">
    <ignored/>
  </testcase> <!-- @BeforeSuite configBeforeSuite -->
  <testcase classname="com.crm.comcast.baseUtility.BaseClass" name="@AfterSuite configAfterSuite" time="0.0">
    <ignored/>
  </testcase> <!-- @AfterSuite configAfterSuite -->
</testsuite> <!-- TestRunner-edge -->
