<?xml version="1.0" encoding="UTF-8"?>
<!-- Generated by org.testng.reporters.JUnitXMLReporter -->
<testsuite ignored="2" hostname="FlyingSamurai2" failures="0" tests="6" name="TestRunner-chrome" time="148.205" errors="0" timestamp="2024-08-05T11:03:47 IST">
  <testcase classname="com.comcast.crm.orgtest.CreateOrganisationTest" name="createNewOrg" time="14.876"/>
  <testcase classname="com.comcast.crm.orgtest.CreateOrganisationTest" name="createOrgWithIndustry" time="17.25"/>
  <testcase classname="com.comcast.crm.orgtest.CreateOrganisationTest" name="createOrgWithPhone" time="12.519"/>
  <testcase classname="com.comcast.crm.contactTestNGtest.CreateContactTest" name="createContactTest" time="11.711"/>
  <testcase classname="com.comcast.crm.contactTestNGtest.CreateContactTest" name="createContactwithOrgTest" time="26.318"/>
  <testcase classname="com.comcast.crm.contactTestNGtest.CreateContactTest" name="createContactwithSupportdateTest" time="11.614"/>
  <testcase classname="com.crm.comcast.baseUtility.BaseClass" name="@AfterSuite configAfterSuite" time="0.0">
    <ignored/>
  </testcase> <!-- @AfterSuite configAfterSuite -->
  <testcase classname="com.crm.comcast.baseUtility.BaseClass" name="@BeforeSuite configBeforeSuite" time="0.0">
    <ignored/>
  </testcase> <!-- @BeforeSuite configBeforeSuite -->
</testsuite> <!-- TestRunner-chrome -->
