<?xml version="1.0" encoding="UTF-8"?>
<!-- Generated by org.testng.reporters.JUnitXMLReporter -->
<testsuite ignored="1" hostname="FlyingSamurai2" failures="1" tests="1" name="Test(failed)" time="10.183" errors="0" timestamp="2024-08-06T12:42:41 IST">
  <testcase classname="Screenshots.InvoiceTest" name="createInvoiceTest" time="0.028">
    <failure type="java.lang.AssertionError" message="expected [Login] but found [Administrator - Home - vtiger CRM 5 - Commercial Open Source CRM]">
      <![CDATA[java.lang.AssertionError: expected [Login] but found [Administrator - Home - vtiger CRM 5 - Commercial Open Source CRM]
at Screenshots.InvoiceTest.createInvoiceTest(InvoiceTest.java:15)
at java.base/java.util.ArrayList.forEach(ArrayList.java:1597)
... Removed 31 stack frames]]>
    </failure>
  </testcase> <!-- createInvoiceTest -->
  <testcase classname="Screenshots.InvoiceTest" name="createInvoicsTestWithContactTest" time="0.0">
    <ignored/>
  </testcase> <!-- createInvoicsTestWithContactTest -->
</testsuite> <!-- Test(failed) -->
