<?xml version="1.0" encoding="UTF-8"?>
<testng-results ignored="0" total="1" passed="1" failed="0" skipped="0">
  <reporter-output>
  </reporter-output>
  <suite started-at="2024-08-12T09:34:11 IST" name="Default suite" finished-at="2024-08-12T09:34:22 IST" duration-ms="10934">
    <groups>
    </groups>
    <test started-at="2024-08-12T09:34:11 IST" name="Default test" finished-at="2024-08-12T09:34:22 IST" duration-ms="10934">
      <class name="Screenshots.demoWebShopTest">
        <test-method signature="getScreenshotTest()[pri:0, instance:Screenshots.demoWebShopTest@1349883]" started-at="2024-08-12T09:34:11 IST" name="getScreenshotTest" finished-at="2024-08-12T09:34:22 IST" duration-ms="10879" status="PASS">
          <reporter-output>
          </reporter-output>
        </test-method> <!-- getScreenshotTest -->
      </class> <!-- Screenshots.demoWebShopTest -->
    </test> <!-- Default test -->
  </suite> <!-- Default suite -->
</testng-results>
